This is TeX, Version 3.14159 (C version 6.1) (format=latex 98.2.27)  5 MAR 1998 21:56
**\nonstopmode\input{eml-type.tex}
(eml-type.tex (/usr/lib/texmf/tex/latex/base/article.cls
Document Class: article 1996/10/31 v1.3u Standard LaTeX document class
(/usr/lib/texmf/tex/latex/base/size12.clo
File: size12.clo 1996/10/31 v1.3u Standard LaTeX file (size option)
)
\c@part=\count79
\c@section=\count80
\c@subsection=\count81
\c@subsubsection=\count82
\c@paragraph=\count83
\c@subparagraph=\count84
\c@figure=\count85
\c@table=\count86
\abovecaptionskip=\skip41
\belowcaptionskip=\skip42
\bibindent=\dimen102
)
(/usr/lib/texmf/tex/latex/amslatex/amsthm.sty
Package: amsthm 1996/10/24 v1.2d

(/usr/lib/texmf/tex/latex/amslatex/amsgen.sty
File: amsgen 1996/10/29 v1.2b
\@emptytoks=\toks14
\ex@=\dimen103
)
\thm@style=\toks15
\thm@bodyfont=\toks16
\thm@headfont=\toks17
\thm@notefont=\toks18
\thm@headpunct=\toks19
\thm@preskip=\skip43
\thm@postskip=\skip44
)
(/usr/lib/texmf/tex/latex/base/ifthen.sty
Package: ifthen 1996/08/02 v1.0m Standard LaTeX ifthen package (DPC)
)
(/usr/lib/texmf/tex/generic/babel/babel.sty
Package: babel 1997/01/23 v3.6h The Babel package

(/usr/lib/texmf/tex/generic/babel/english.ldf
File: english.ldf 1996/12/23 v3.3h English support from the babel system

(/usr/lib/texmf/tex/generic/babel/babel.def
File: babel.def 1997/01/23 v3.6h Babel common definitions
\babel@savecnt=\count87
\U@D=\dimen104
))) (mac.tex) (emlmacros.tex)
(eml-type.aux)
LaTeX Font Info:    Checking defaults for OML/cmm/m/it on input line 25.
LaTeX Font Info:    ... okay on input line 25.
LaTeX Font Info:    Checking defaults for T1/cmr/m/n on input line 25.
LaTeX Font Info:    ... okay on input line 25.
LaTeX Font Info:    Checking defaults for OT1/cmr/m/n on input line 25.
LaTeX Font Info:    ... okay on input line 25.
LaTeX Font Info:    Checking defaults for OMS/cmsy/m/n on input line 25.
LaTeX Font Info:    ... okay on input line 25.
LaTeX Font Info:    Checking defaults for OMX/cmex/m/n on input line 25.
LaTeX Font Info:    ... okay on input line 25.
LaTeX Font Info:    Checking defaults for U/cmr/m/n on input line 25.
LaTeX Font Info:    ... okay on input line 25.
 (eng-mac.tex)
\c@thm=\count88
LaTeX Font Info:    External font `cmex10' loaded for size
(Font)              <14.4> on input line 38.
LaTeX Font Info:    External font `cmex10' loaded for size
(Font)              <7> on input line 38.
LaTeX Font Info:    External font `cmex10' loaded for size
(Font)              <5> on input line 38.
 (eml-type.toc
LaTeX Font Info:    External font `cmex10' loaded for size
(Font)              <12> on input line 4.
LaTeX Font Info:    External font `cmex10' loaded for size
(Font)              <8> on input line 4.
LaTeX Font Info:    External font `cmex10' loaded for size
(Font)              <6> on input line 4.
 [1

])
\tf@toc=\write3
 [2] (intro.tex [3]
Overfull \hbox (29.9002pt too wide) in paragraph at lines 102--102
[]        \OT1/cmtt/m/n/12 else if (n < 0 andalso l >= 0) orelse (n >= 0 andals
o l < 0)[] 
 []


Underfull \vbox (badness 2460) has occurred while \output is active []

 [4]
[5]
Underfull \vbox (badness 10000) has occurred while \output is active []

 [6]
[7]
LaTeX Font Info:    Try loading font information for OMS+cmr on input line 295.

 (/usr/lib/texmf/tex/latex/base/omscmr.fd
File: omscmr.fd 1997/01/14 v2.5a Standard LaTeX font definitions
)
LaTeX Font Info:    Font shape `OMS/cmr/m/n' in size <12> not available
(Font)              Font shape `OMS/cmsy/m/n' tried instead on input line 295.
 [8]) [9] (axioms.tex [10]
[11] [12] [13] [14] [15]
LaTeX Font Info:    External font `cmex10' loaded for size
(Font)              <17.28> on input line 306.
 [16]) [17] (traces.tex [18]
Overfull \hbox (9.11761pt too wide) in paragraph at lines 77--77
[]\OT1/cmr/m/n/12 It's clear, that some-where sub-sti-tu-tions should be ap-pli
ed to traces. Where?
 []

) [19] (actual.tex [20]
Overfull \hbox (18.15683pt too wide) in paragraph at lines 69--69
[]\OT1/cmtt/m/n/10.95 fun elab_spec (B: Env.Basis, spec: IG.spec, A: Env.Assemb
ly, p : pass):[] 
 []


Overfull \hbox (6.65945pt too wide) in paragraph at lines 69--69
[]             \OT1/cmtt/m/n/10.95 | (SECOND_PASS(rea1)) => elab_axdesc(rea1 on
B B, axdesc)[] 
 []


Overfull \hbox (52.64896pt too wide) in paragraph at lines 69--69
[]        \OT1/cmtt/m/n/10.95 (Stat.Id, Env.emptyA, Env.emptyE, OG.AXIOMspec(ok
Conv i, out_axdesc))[] 
 []

) [21] [22] (bib.tex [23]) [24] (eml-type.aux) ) 
Here is how much of TeX's memory you used:
 1537 strings out of 10886
 13328 string characters out of 72150
 64675 words of memory out of 262141
 4404 multiletter control sequences out of 9500
 13955 words of font info for 50 fonts, out of 150000 for 255
 34 hyphenation exceptions out of 607
 31i,11n,23p,182b,344s stack positions out of 300i,40n,60p,3000b,4000s

Output written on eml-type.dvi (24 pages, 61636 bytes).
